let i = 0;
undefined
let value = i++;
undefined
value
0
let value2 = i+2;
undefined
for(let j=0;j<40;j++){
    console.log('j -->',j);
}

VM324:2 j --> 0
VM324:2 j --> 1
VM324:2 j --> 2
VM324:2 j --> 3
VM324:2 j --> 4
VM324:2 j --> 5
VM324:2 j --> 6
VM324:2 j --> 7
VM324:2 j --> 8
VM324:2 j --> 9
VM324:2 j --> 10
VM324:2 j --> 11
VM324:2 j --> 12
VM324:2 j --> 13
VM324:2 j --> 14
VM324:2 j --> 15
VM324:2 j --> 16
VM324:2 j --> 17
VM324:2 j --> 18
VM324:2 j --> 19
VM324:2 j --> 20
VM324:2 j --> 21
VM324:2 j --> 22
VM324:2 j --> 23
VM324:2 j --> 24
VM324:2 j --> 25
VM324:2 j --> 26
VM324:2 j --> 27
VM324:2 j --> 28
VM324:2 j --> 29
VM324:2 j --> 30
VM324:2 j --> 31
VM324:2 j --> 32
VM324:2 j --> 33
VM324:2 j --> 34
VM324:2 j --> 35
VM324:2 j --> 36
VM324:2 j --> 37
VM324:2 j --> 38
VM324:2 j --> 39
undefined
